0 info it worked if it ends with ok
1 verbose cli [ '/usr/local/Cellar/node/6.8.1/bin/node',
1 verbose cli   '/usr/local/bin/npm',
1 verbose cli   'install',
1 verbose cli   'chart.js',
1 verbose cli   '--save' ]
2 info using npm@3.10.8
3 info using node@v6.8.1
4 verbose config Skipping project config: /Users/Yehia830/.npmrc. (matches userconfig)
5 silly loadCurrentTree Starting
6 silly install loadCurrentTree
7 silly install readLocalPackageData
8 silly fetchPackageMetaData chart.js
9 silly fetchOtherPackageData chart.js
10 silly cache add args [ 'chart.js', null ]
11 verbose cache add spec chart.js
12 silly cache add parsed spec Result {
12 silly cache add   raw: 'chart.js',
12 silly cache add   scope: null,
12 silly cache add   escapedName: 'chart.js',
12 silly cache add   name: null,
12 silly cache add   rawSpec: 'chart.js',
12 silly cache add   spec: '/Users/Yehia830/Desktop/sandbox/teachersclone/teachers-pet/chart.js',
12 silly cache add   type: 'local' }
13 silly addLocalTarball shasum (computed) a82013b2fdc8498e6cffa43582202df14fc4989b
14 verbose addTmpTarball /Users/Yehia830/Desktop/sandbox/teachersclone/teachers-pet/chart.js not in flight; adding
15 verbose correctMkdir /Users/Yehia830/.npm correctMkdir not in flight; initializing
16 verbose addTmpTarball validating metadata from /Users/Yehia830/Desktop/sandbox/teachersclone/teachers-pet/chart.js
17 verbose tar unpack /Users/Yehia830/Desktop/sandbox/teachersclone/teachers-pet/chart.js
18 verbose tar unpacking to /var/folders/2y/cw_7lf1s35v_j5zg620ng2pw0000gn/T/npm-8588-90a45c44/unpack-6d63ff80
19 silly gentlyRm /var/folders/2y/cw_7lf1s35v_j5zg620ng2pw0000gn/T/npm-8588-90a45c44/unpack-6d63ff80 is being purged
20 verbose gentlyRm don't care about contents; nuking /var/folders/2y/cw_7lf1s35v_j5zg620ng2pw0000gn/T/npm-8588-90a45c44/unpack-6d63ff80
21 silly gunzTarPerm modes [ '755', '644' ]
22 error not a package /Users/Yehia830/Desktop/sandbox/teachersclone/teachers-pet/chart.js
23 error addLocal Could not install /Users/Yehia830/Desktop/sandbox/teachersclone/teachers-pet/chart.js
24 silly fetchPackageMetaData Error: ENOENT: no such file or directory, open '/var/folders/2y/cw_7lf1s35v_j5zg620ng2pw0000gn/T/npm-8588-90a45c44/unpack-6d63ff80/package.json'
24 silly fetchPackageMetaData     at Error (native)
24 silly fetchPackageMetaData  error for chart.js { Error: ENOENT: no such file or directory, open '/var/folders/2y/cw_7lf1s35v_j5zg620ng2pw0000gn/T/npm-8588-90a45c44/unpack-6d63ff80/package.json'
24 silly fetchPackageMetaData     at Error (native)
24 silly fetchPackageMetaData   errno: -2,
24 silly fetchPackageMetaData   code: 'ENOENT',
24 silly fetchPackageMetaData   syscall: 'open',
24 silly fetchPackageMetaData   path: '/var/folders/2y/cw_7lf1s35v_j5zg620ng2pw0000gn/T/npm-8588-90a45c44/unpack-6d63ff80/package.json' }
25 silly rollbackFailedOptional Starting
26 silly rollbackFailedOptional Finishing
27 silly runTopLevelLifecycles Finishing
28 silly install printInstalled
29 verbose stack Error: ENOENT: no such file or directory, open '/var/folders/2y/cw_7lf1s35v_j5zg620ng2pw0000gn/T/npm-8588-90a45c44/unpack-6d63ff80/package.json'
29 verbose stack     at Error (native)
30 verbose cwd /Users/Yehia830/Desktop/sandbox/teachersclone/teachers-pet
31 error Darwin 15.6.0
32 error argv "/usr/local/Cellar/node/6.8.1/bin/node" "/usr/local/bin/npm" "install" "chart.js" "--save"
33 error node v6.8.1
34 error npm  v3.10.8
35 error path /var/folders/2y/cw_7lf1s35v_j5zg620ng2pw0000gn/T/npm-8588-90a45c44/unpack-6d63ff80/package.json
36 error code ENOENT
37 error errno -2
38 error syscall open
39 error enoent ENOENT: no such file or directory, open '/var/folders/2y/cw_7lf1s35v_j5zg620ng2pw0000gn/T/npm-8588-90a45c44/unpack-6d63ff80/package.json'
40 error enoent ENOENT: no such file or directory, open '/var/folders/2y/cw_7lf1s35v_j5zg620ng2pw0000gn/T/npm-8588-90a45c44/unpack-6d63ff80/package.json'
40 error enoent This is most likely not a problem with npm itself
40 error enoent and is related to npm not being able to find a file.
41 verbose exit [ -2, true ]
